n=2**10
32.9815
0.075008

n=2**11
-25.608
0.072992

n=2**12
-8.11536
0.071264

n=2**13
0.785185
0.078432

n=2**14
74.9504
0.070784

n=2**15
97.8403
0.073792

n=2**16
-100.076
0.07152

n=2**17
-49.5524
0.070304

n=2**18
40.6296
0.044448

n=2**19
-374.643
0.082272

n=2**20
155.446
0.080928

n=2**21
-55.7032
0.084768

n=2**22
1287.57
0.096704

n=2**23
-407.63
0.130048

n=2**24
2292.82
0.20944

n=2**25
1643.01
0.32176

n=2**26
-939.448
0.515808

n=2**27
-1141.19
0.899488

n=2**28
-13523.9
1.66432

n=2**29
-2956.81
3.20141

n=2**30
-49320
6.26109

Wrote results2_1024_perlmutter.txt:
10 0.075008
11 0.072992
12 0.071264
13 0.078432
14 0.070784
15 0.073792
16 0.07152
17 0.070304
18 0.044448
19 0.082272
20 0.080928
21 0.084768
22 0.096704
23 0.130048
24 0.20944
25 0.32176
26 0.515808
27 0.899488
28 1.66432
29 3.20141
30 6.26109
n=2**10
23.2001
0.069536

n=2**11
-5.45317
0.0704

n=2**12
-25.1581
0.068704

n=2**13
-27.5054
0.075328

n=2**14
-55.0715
0.070976

n=2**15
37.0782
0.073632

n=2**16
92.2183
0.067648

n=2**17
191.627
0.061088

n=2**18
-324.25
0.047456

n=2**19
738.604
0.081536

n=2**20
-1086.92
0.081472

n=2**21
166.688
0.088192

n=2**22
1517.12
0.093952

n=2**23
1823.02
0.141568

n=2**24
1758.07
0.188576

n=2**25
578.48
0.267296

n=2**26
-6703.49
0.360128

n=2**27
5913.67
0.67344

n=2**28
-13756.3
1.21485

n=2**29
24234.4
2.28963

n=2**30
-20795.2
4.4407

Wrote results2_256_perlmutter.txt:
10 0.069536
11 0.0704
12 0.068704
13 0.075328
14 0.070976
15 0.073632
16 0.067648
17 0.061088
18 0.047456
19 0.081536
20 0.081472
21 0.088192
22 0.093952
23 0.141568
24 0.188576
25 0.267296
26 0.360128
27 0.67344
28 1.21485
29 2.28963
30 4.4407
