n=2**10
-6.90889
4.61683

n=2**11
40.3509
34.6979

n=2**12
-55.658
4.79056

n=2**13
-90.1449
4.72166

n=2**14
4.60733
4.45814

n=2**15
102.493
11.161

n=2**16
-176.592
5.65923

n=2**17
-165.826
4.32646

n=2**18
440.817
4.27277

n=2**19
657.506
14.8843

n=2**20
237.197
20.0889

n=2**21
-547.536
11.7926

n=2**22
459.123
4.73082

n=2**23
-790.736
7.09133

n=2**24
1206.05
7.18317

n=2**25
-6175.78
5.41914

n=2**26
-4612.65
5.57206

n=2**27
-5518.7
10.8695

n=2**28
11158.4
8.7863

n=2**29
-23988.5
11.1324

n=2**30
-13420.9
11.3193

Wrote results2_perlmutter.txt:
10 4.61683
11 34.6979
12 4.79056
13 4.72166
14 4.45814
15 11.161
16 5.65923
17 4.32646
18 4.27277
19 14.8843
20 20.0889
21 11.7926
22 4.73082
23 7.09133
24 7.18317
25 5.41914
26 5.57206
27 10.8695
28 8.7863
29 11.1324
30 11.3193
