Running once to prevent cold start
-12.0439
0.612288
n=2**10
-5.88713
0.27536

n=2**11
0.552663
0.279776

n=2**12
74.0726
0.308832

n=2**13
-81.35
0.338976

n=2**14
84.594
0.634912

n=2**15
-9.41946
0.558272

n=2**16
210.616
0.628736

n=2**17
-119.676
0.828704

n=2**18
106.145
0.988416

n=2**19
-4.64538
1.76298

n=2**20
9.87489
2.77651

n=2**21
-28.9683
4.8064

n=2**22
22.2001
9.25322

n=2**23
-7.57471
18.1364

n=2**24
1.29961
35.1235

n=2**25
23.0732
69.7335

n=2**26
-6.1668
143.317

n=2**27
4.18517
283.746

n=2**28
0.15092
564.619

n=2**29
11.3991
1111.9

n=2**30
10.788
2326.3

n=2**31
-11.213
4477.99

srun: error: nid003156: task 0: Segmentation fault
srun: Terminating StepId=49589765.23
n=2**32


srun: error: nid003156: task 0: Segmentation fault
srun: Terminating StepId=49589765.24
n=2**33


srun: error: nid003156: task 0: Segmentation fault
srun: Terminating StepId=49589765.25
n=2**34


srun: error: nid003156: task 0: Segmentation fault
srun: Terminating StepId=49589765.26
n=2**35


Wrote results_task2_perlmutter.txt:
10 0.27536
11 0.279776
12 0.308832
13 0.338976
14 0.634912
15 0.558272
16 0.628736
17 0.828704
18 0.988416
19 1.76298
20 2.77651
21 4.8064
22 9.25322
23 18.1364
24 35.1235
25 69.7335
26 143.317
27 283.746
28 564.619
29 1111.9
30 2326.3
31 4477.99
32 
33 
34 
35 
