Running once to prevent cold start
39.058
0.605088
n=2**10
4.02852
0.28608

n=2**11
-4.9942
0.295296

n=2**12
3.00112
0.304704

n=2**13
-5.87996
0.361248

n=2**14
-18.5916
0.459232

n=2**15
-153.926
0.580704

n=2**16
-50.3246
0.624064

n=2**17
-480.617
0.981216

n=2**18
-10.053
1.05757

n=2**19
20.2304
1.38608

n=2**20
23.1074
2.37242

n=2**21
31.0941
4.89158

n=2**22
17.2945
9.2616

n=2**23
-10.5199
17.7353

n=2**24
-15.3449
35.4187

n=2**25
-6.668
69.1617

Wrote results_task2_perlmutter.txt:
10 0.28608
11 0.295296
12 0.304704
13 0.361248
14 0.459232
15 0.580704
16 0.624064
17 0.981216
18 1.05757
19 1.38608
20 2.37242
21 4.89158
22 9.2616
23 17.7353
24 35.4187
25 69.1617
